TN:
SF:script/DeployRaffle.s.sol
FN:11,DeployRaffle.deployRaffle
FNDA:19,DeployRaffle.deployRaffle
DA:12,19
DA:15,19
DA:17,19
BRDA:17,0,0,-
DA:18,0
DA:20,0
DA:21,0
DA:23,0
DA:27,19
DA:28,19
DA:34,19
DA:35,19
DA:41,19
DA:43,19
DA:45,19
DA:47,19
DA:54,19
DA:57,19
DA:58,19
DA:62,19
FN:65,DeployRaffle.run
FNDA:0,DeployRaffle.run
DA:66,0
FNF:2
FNH:1
LF:20
LH:15
BRF:1
BRH:0
end_of_record
TN:
SF:script/HelperConfig.s.sol
FN:42,HelperConfig.
FNDA:24,HelperConfig.
DA:43,24
DA:44,24
FN:47,HelperConfig.getSepoliahEthConfig
FNDA:25,HelperConfig.getSepoliahEthConfig
DA:48,25
DA:57,25
FN:60,HelperConfig.getOrCreateAnvilEthConfig
FNDA:25,HelperConfig.getOrCreateAnvilEthConfig
DA:62,25
BRDA:62,0,0,1
DA:63,1
DA:67,24
DA:68,24
DA:69,24
DA:71,24
DA:72,24
DA:73,24
DA:75,24
DA:76,24
DA:77,24
DA:79,24
DA:81,24
DA:90,24
DA:92,24
FN:95,HelperConfig.getNetworkConfigByChainId
FNDA:2,HelperConfig.getNetworkConfigByChainId
DA:96,41
BRDA:96,1,0,21
BRDA:96,1,1,20
DA:97,21
DA:98,20
BRDA:98,2,0,-
BRDA:98,2,1,20
DA:99,0
DA:101,20
FN:105,HelperConfig.getNetworkConfig
FNDA:39,HelperConfig.getNetworkConfig
DA:106,39
FN:109,HelperConfig.setNetworkConfig
FNDA:20,HelperConfig.setNetworkConfig
DA:110,20
FNF:6
FNH:6
LF:26
LH:25
BRF:5
BRH:4
end_of_record
TN:
SF:script/Interactions.s.sol
FN:12,CreateSubscription.createSubscriptionFromConfig
FNDA:0,CreateSubscription.createSubscriptionFromConfig
DA:13,0
DA:14,0
DA:16,0
FN:19,CreateSubscription.createSubscription
FNDA:0,CreateSubscription.createSubscription
DA:25,0
DA:26,0
DA:27,0
DA:28,0
DA:29,0
DA:30,0
DA:31,0
DA:32,0
FN:35,CreateSubscription.run
FNDA:0,CreateSubscription.run
DA:36,0
FN:43,FundSubscription.fundSubcriptionFromConfig
FNDA:0,FundSubscription.fundSubcriptionFromConfig
DA:44,0
DA:45,0
DA:47,0
FN:55,FundSubscription.fundSubcription
FNDA:19,FundSubscription.fundSubcription
DA:56,19
DA:57,19
DA:58,19
DA:59,19
BRDA:59,0,0,19
BRDA:59,0,1,-
DA:60,19
DA:61,19
DA:62,19
DA:64,0
DA:65,0
DA:66,0
DA:67,0
DA:68,0
DA:69,0
DA:70,0
FN:74,FundSubscription._fundSubcription
FNDA:0,FundSubscription._fundSubcription
DA:77,0
BRDA:77,1,0,-
BRDA:77,1,1,-
DA:78,0
DA:79,0
DA:81,0
DA:82,0
DA:84,0
DA:85,0
DA:86,0
DA:87,0
DA:88,0
DA:89,0
DA:90,0
FN:94,FundSubscription.run
FNDA:0,FundSubscription.run
DA:95,0
FN:100,AddConsumer.addConsumerFromConfig
FNDA:0,AddConsumer.addConsumerFromConfig
DA:101,0
DA:102,0
DA:104,0
DA:105,0
FN:108,AddConsumer.addConsumer
FNDA:19,AddConsumer.addConsumer
DA:111,19
DA:113,19
DA:120,19
DA:121,19
DA:122,19
FN:125,AddConsumer.run
FNDA:0,AddConsumer.run
DA:126,0
FNF:10
FNH:2
LF:52
LH:12
BRF:4
BRH:1
end_of_record
TN:
SF:src/Raffle.sol
FN:94,Raffle.
FNDA:19,Raffle.
DA:101,19
DA:102,19
DA:103,19
DA:104,19
DA:105,19
DA:106,19
FN:117,Raffle.checkUpkeep
FNDA:3,Raffle.checkUpkeep
DA:123,9
DA:124,9
DA:125,9
DA:126,9
DA:127,9
DA:129,9
FN:132,Raffle.enterRaffle
FNDA:16,Raffle.enterRaffle
DA:133,13
DA:134,13
FN:140,Raffle.performUpkeep
FNDA:6,Raffle.performUpkeep
DA:144,6
DA:146,6
BRDA:146,0,0,1
DA:147,1
DA:151,5
DA:153,5
FN:159,Raffle.getEntranceFee
FNDA:1,Raffle.getEntranceFee
DA:160,1
FN:163,Raffle.getInterval
FNDA:1,Raffle.getInterval
DA:164,1
FN:167,Raffle.getRaffleState
FNDA:4,Raffle.getRaffleState
DA:168,4
FN:171,Raffle.getNumberOfPlayers
FNDA:2,Raffle.getNumberOfPlayers
DA:172,2
FN:175,Raffle.getPlayer
FNDA:1,Raffle.getPlayer
DA:176,1
FN:179,Raffle.getRecentWinner
FNDA:2,Raffle.getRecentWinner
DA:180,2
FN:183,Raffle.getLatestTimestamp
FNDA:2,Raffle.getLatestTimestamp
DA:184,2
FN:190,Raffle.requestRandomWords
FNDA:5,Raffle.requestRandomWords
DA:192,5
DA:202,5
DA:203,5
DA:204,5
DA:205,5
FN:212,Raffle.fulfillRandomWords
FNDA:1,Raffle.fulfillRandomWords
DA:213,1
DA:214,1
DA:215,1
DA:216,1
FN:219,Raffle.getRequestStatus
FNDA:1,Raffle.getRequestStatus
DA:224,1
DA:225,1
FN:228,Raffle.validEntranceFee
FNDA:16,Raffle.validEntranceFee
DA:229,16
BRDA:229,1,0,1
DA:230,1
FN:235,Raffle.raffleOpen
FNDA:15,Raffle.raffleOpen
DA:236,15
BRDA:236,2,0,2
DA:237,2
FN:243,Raffle.raffleEnds
FNDA:1,Raffle.raffleEnds
DA:245,1
DA:246,1
DA:247,1
DA:249,1
DA:252,1
DA:253,1
DA:256,1
DA:257,1
DA:258,1
BRDA:258,3,0,-
DA:259,0
FNF:17
FNH:17
LF:51
LH:50
BRF:4
BRH:3
end_of_record
