TN:
SF:script/DeployRaffle.s.sol
FN:10,DeployRaffle.deployRaffle
FNDA:4,DeployRaffle.deployRaffle
DA:11,4
DA:13,4
DA:14,4
DA:16,4
DA:23,4
DA:25,4
FN:28,DeployRaffle.run
FNDA:0,DeployRaffle.run
DA:29,0
FNF:2
FNH:1
LF:7
LH:6
BRF:0
BRH:0
end_of_record
TN:
SF:script/HelperConfig.s.sol
FN:37,HelperConfig.
FNDA:4,HelperConfig.
DA:38,4
BRDA:38,0,0,-
BRDA:38,0,1,-
DA:39,0
DA:40,4
BRDA:40,1,0,4
BRDA:40,1,1,-
DA:41,4
DA:43,0
FN:47,HelperConfig.getSepoliahEthConfig
FNDA:0,HelperConfig.getSepoliahEthConfig
DA:48,0
DA:55,0
FN:58,HelperConfig.getOrCreateAnvilEthConfig
FNDA:4,HelperConfig.getOrCreateAnvilEthConfig
DA:60,4
BRDA:60,2,0,-
DA:61,0
DA:65,4
DA:66,4
DA:67,4
DA:68,4
DA:70,4
DA:78,4
FN:81,HelperConfig.getNetworkConfigByChainId
FNDA:8,HelperConfig.getNetworkConfigByChainId
DA:82,8
BRDA:82,3,0,-
BRDA:82,3,1,8
DA:83,0
DA:84,8
BRDA:84,4,0,-
BRDA:84,4,1,8
DA:85,0
DA:87,8
FN:91,HelperConfig.getNetworkConfig
FNDA:8,HelperConfig.getNetworkConfig
DA:92,8
FNF:5
FNH:4
LF:21
LH:14
BRF:9
BRH:3
end_of_record
TN:
SF:src/Raffle.sol
FN:56,Raffle.
FNDA:4,Raffle.
DA:63,4
DA:64,4
DA:65,4
DA:66,4
DA:67,4
FN:77,Raffle.checkUpkeep
FNDA:0,Raffle.checkUpkeep
DA:83,0
DA:84,0
DA:85,0
DA:86,0
DA:87,0
DA:89,0
FN:92,Raffle.enterRaffle
FNDA:3,Raffle.enterRaffle
DA:93,2
DA:94,2
FN:100,Raffle.performUpkeep
FNDA:0,Raffle.performUpkeep
DA:104,0
DA:106,0
BRDA:106,0,0,-
DA:107,0
DA:111,0
DA:113,0
FN:119,Raffle.getEntranceFee
FNDA:0,Raffle.getEntranceFee
DA:120,0
FN:123,Raffle.getInterval
FNDA:0,Raffle.getInterval
DA:124,0
FN:127,Raffle.getRaffleState
FNDA:1,Raffle.getRaffleState
DA:128,1
FN:131,Raffle.getNumberOfPlayers
FNDA:1,Raffle.getNumberOfPlayers
DA:132,1
FN:135,Raffle.getPlayer
FNDA:1,Raffle.getPlayer
DA:136,1
FN:139,Raffle.validEntranceFee
FNDA:3,Raffle.validEntranceFee
DA:140,3
BRDA:140,1,0,1
DA:141,1
FN:146,Raffle.raffleOpen
FNDA:2,Raffle.raffleOpen
DA:147,2
BRDA:147,2,0,-
DA:148,0
FN:154,Raffle.raffleEnds
FNDA:0,Raffle.raffleEnds
DA:157,0
DA:158,0
DA:159,0
DA:161,0
DA:164,0
DA:165,0
DA:168,0
DA:169,0
DA:170,0
BRDA:170,3,0,-
DA:171,0
FNF:12
FNH:7
LF:37
LH:13
BRF:4
BRH:1
end_of_record
TN:
SF:src/SubscriptionConsumer.sol
FN:66,SubscriptionConsumer.
FNDA:4,SubscriptionConsumer.
DA:69,4
DA:70,4
DA:71,4
FN:77,SubscriptionConsumer.requestRandomWords
FNDA:0,SubscriptionConsumer.requestRandomWords
DA:79,0
DA:89,0
DA:90,0
DA:91,0
DA:92,0
DA:93,0
FN:96,SubscriptionConsumer.fulfillRandomWords
FNDA:0,SubscriptionConsumer.fulfillRandomWords
DA:101,0
BRDA:101,0,0,-
BRDA:101,0,1,-
DA:102,0
DA:103,0
DA:104,0
DA:105,0
FN:108,SubscriptionConsumer.getRequestStatus
FNDA:0,SubscriptionConsumer.getRequestStatus
DA:114,0
DA:115,0
FN:118,SubscriptionConsumer.requestExists
FNDA:0,SubscriptionConsumer.requestExists
DA:119,0
BRDA:119,1,0,-
DA:120,0
FNF:5
FNH:1
LF:18
LH:3
BRF:3
BRH:0
end_of_record
